<?xml version="1.0" encoding="utf-8"?><testsuites name="pytest tests"><testsuite name="pytest" errors="0" failures="0" skipped="0" tests="44" time="28.456" timestamp="2026-04-24T07:21:08.752933+00:00" hostname="agent-env-b851502e-f0f4-4e9f-84b8-cb5d005236d5"><testcase classname="backend.tests.backend_test.TestMeta" name="test_meta" time="0.341" /><testcase classname="backend.tests.backend_test.TestAuth" name="test_register_and_login" time="0.721" /><testcase classname="backend.tests.backend_test.TestAuth" name="test_register_duplicate" time="0.520" /><testcase classname="backend.tests.backend_test.TestAuth" name="test_login_bad_password" time="0.320" /><testcase classname="backend.tests.backend_test.TestAuth" name="test_me" time="0.101" /><testcase classname="backend.tests.backend_test.TestAuth" name="test_me_unauthorized" time="0.100" /><testcase classname="backend.tests.backend_test.TestAuth" name="test_logout" time="0.102" /><testcase classname="backend.tests.backend_test.TestAuth" name="test_admin_login" time="0.325" /><testcase classname="backend.tests.backend_test.TestIBPCalculate" name="test_calculate" time="0.139" /><testcase classname="backend.tests.backend_test.TestIBPCalculate" name="test_calculate_invalid" time="0.103" /><testcase classname="backend.tests.backend_test.TestIBPCalculate" name="test_calculate_unauth" time="0.099" /><testcase classname="backend.tests.backend_test.TestBatchSweep" name="test_grid_cap_rejected" time="0.106" /><testcase classname="backend.tests.backend_test.TestBatchSweep" name="test_batch_lifecycle_and_viz_and_csv" time="1.174" /><testcase classname="backend.tests.backend_test.TestBatchSweep" name="test_job_not_found" time="0.162" /><testcase classname="backend.tests.backend_test.TestBatchSweep" name="test_job_cross_user_forbidden" time="0.623" /><testcase classname="backend.tests.backend_test.TestCompare" name="test_compare_same_grid" time="0.566" /><testcase classname="backend.tests.backend_test.TestCompare" name="test_compare_missing_params" time="0.099" /><testcase classname="backend.tests.backend_test.TestExperiments" name="test_crud_and_clone" time="0.559" /><testcase classname="backend.tests.backend_test.TestApiKeys" name="test_create_list_revoke_and_use" time="0.526" /><testcase classname="backend.tests.backend_test.TestAdmin" name="test_list_users_admin" time="0.109" /><testcase classname="backend.tests.backend_test.TestAdmin" name="test_admin_forbidden_for_researcher" time="0.101" /><testcase classname="backend.tests.backend_test.TestAdmin" name="test_admin_stats" time="0.098" /><testcase classname="backend.tests.backend_test.TestAdmin" name="test_admin_set_role" time="0.210" /><testcase classname="backend.tests.backend_test.TestAdmin" name="test_admin_invalid_role" time="0.104" /><testcase classname="backend.tests.backend_test.TestUsage" name="test_usage" time="0.104" /><testcase classname="backend.tests.backend_test.TestMetaCelery" name="test_meta_reports_celery" time="0.121" /><testcase classname="backend.tests.backend_test.TestQueueStats" name="test_queue_stats_shape" time="1.622" /><testcase classname="backend.tests.backend_test.TestQueueStats" name="test_queue_stats_requires_auth" time="0.099" /><testcase classname="backend.tests.backend_test.TestRegisterNoRole" name="test_register_without_role_defaults_researcher" time="0.333" /><testcase classname="backend.tests.backend_test.TestRegisterNoRole" name="test_register_with_any_role_still_becomes_researcher_or_accepted" time="0.324" /><testcase classname="backend.tests.backend_test.TestBatchCelery" name="test_batch_dispatches_to_celery_workers" time="1.849" /><testcase classname="backend.tests.backend_test.TestMultiFormatDownload" name="test_download_csv" time="0.326" /><testcase classname="backend.tests.backend_test.TestMultiFormatDownload" name="test_download_netcdf" time="0.185" /><testcase classname="backend.tests.backend_test.TestMultiFormatDownload" name="test_download_parquet" time="0.105" /><testcase classname="backend.tests.backend_test.TestMultiFormatDownload" name="test_download_bad_format" time="0.105" /><testcase classname="backend.tests.backend_test.TestWorldmap" name="test_worldmap_2d_shape" time="13.029" /><testcase classname="backend.tests.backend_test.TestWorldmap" name="test_worldmap_invalid_daymonth" time="0.121" /><testcase classname="backend.tests.backend_test.TestWorldmap" name="test_worldmap_invalid_lat_step_high" time="0.101" /><testcase classname="backend.tests.backend_test.TestWorldmap" name="test_worldmap_invalid_lat_step_low" time="0.101" /><testcase classname="backend.tests.backend_test.TestSmoothSurface" name="test_visualization_smooth_payload" time="0.318" /><testcase classname="backend.tests.backend_test.TestShare" name="test_create_share_and_fetch_public" time="1.084" /><testcase classname="backend.tests.backend_test.TestShare" name="test_share_mismatched_grid_400" time="0.540" /><testcase classname="backend.tests.backend_test.TestShare" name="test_share_non_owner_forbidden" time="0.431" /><testcase classname="backend.tests.backend_test.TestShare" name="test_public_share_bad_token" time="0.104" /></testsuite></testsuites>