<?xml version="1.0" encoding="utf-8"?><testsuites name="pytest tests"><testsuite name="pytest" errors="0" failures="0" skipped="0" tests="59" time="34.006" timestamp="2026-05-25T07:33:19.478781+00:00" hostname="agent-env-00377641-e04e-4208-a727-34fd765dda40"><testcase classname="backend_test.TestMeta" name="test_meta" time="0.361" /><testcase classname="backend_test.TestAuth" name="test_register_and_login" time="0.692" /><testcase classname="backend_test.TestAuth" name="test_register_duplicate" time="0.464" /><testcase classname="backend_test.TestAuth" name="test_login_bad_password" time="0.324" /><testcase classname="backend_test.TestAuth" name="test_me" time="0.110" /><testcase classname="backend_test.TestAuth" name="test_me_unauthorized" time="0.117" /><testcase classname="backend_test.TestAuth" name="test_logout" time="0.103" /><testcase classname="backend_test.TestAuth" name="test_admin_login" time="0.320" /><testcase classname="backend_test.TestIBPCalculate" name="test_calculate" time="0.117" /><testcase classname="backend_test.TestIBPCalculate" name="test_calculate_invalid" time="0.101" /><testcase classname="backend_test.TestIBPCalculate" name="test_calculate_unauth" time="0.102" /><testcase classname="backend_test.TestBatchSweep" name="test_grid_cap_rejected" time="0.108" /><testcase classname="backend_test.TestBatchSweep" name="test_batch_lifecycle_and_viz_and_csv" time="1.453" /><testcase classname="backend_test.TestBatchSweep" name="test_job_not_found" time="0.103" /><testcase classname="backend_test.TestBatchSweep" name="test_job_cross_user_forbidden" time="0.757" /><testcase classname="backend_test.TestCompare" name="test_compare_same_grid" time="0.566" /><testcase classname="backend_test.TestCompare" name="test_compare_missing_params" time="0.110" /><testcase classname="backend_test.TestExperiments" name="test_crud_and_clone" time="0.557" /><testcase classname="backend_test.TestApiKeys" name="test_create_list_revoke_and_use" time="0.554" /><testcase classname="backend_test.TestAdmin" name="test_list_users_admin" time="0.105" /><testcase classname="backend_test.TestAdmin" name="test_admin_forbidden_for_researcher" time="0.105" /><testcase classname="backend_test.TestAdmin" name="test_admin_stats" time="0.110" /><testcase classname="backend_test.TestAdmin" name="test_admin_set_role" time="0.263" /><testcase classname="backend_test.TestAdmin" name="test_admin_invalid_role" time="0.108" /><testcase classname="backend_test.TestUsage" name="test_usage" time="0.108" /><testcase classname="backend_test.TestMetaCelery" name="test_meta_reports_celery" time="0.123" /><testcase classname="backend_test.TestQueueStats" name="test_queue_stats_shape" time="1.643" /><testcase classname="backend_test.TestQueueStats" name="test_queue_stats_requires_auth" time="0.106" /><testcase classname="backend_test.TestRegisterNoRole" name="test_register_without_role_defaults_researcher" time="0.345" /><testcase classname="backend_test.TestRegisterNoRole" name="test_register_with_any_role_still_becomes_researcher_or_accepted" time="0.330" /><testcase classname="backend_test.TestBatchCelery" name="test_batch_dispatches_to_celery_workers" time="1.890" /><testcase classname="backend_test.TestMultiFormatDownload" name="test_download_csv" time="0.335" /><testcase classname="backend_test.TestMultiFormatDownload" name="test_download_netcdf" time="0.336" /><testcase classname="backend_test.TestMultiFormatDownload" name="test_download_parquet" time="0.140" /><testcase classname="backend_test.TestMultiFormatDownload" name="test_download_bad_format" time="0.104" /><testcase classname="backend_test.TestWorldmap" name="test_worldmap_2d_shape" time="12.752" /><testcase classname="backend_test.TestWorldmap" name="test_worldmap_invalid_daymonth" time="0.144" /><testcase classname="backend_test.TestWorldmap" name="test_worldmap_invalid_lat_step_high" time="0.098" /><testcase classname="backend_test.TestWorldmap" name="test_worldmap_invalid_lat_step_low" time="0.163" /><testcase classname="backend_test.TestSmoothSurface" name="test_visualization_smooth_payload" time="0.365" /><testcase classname="backend_test.TestShare" name="test_create_share_and_fetch_public" time="1.090" /><testcase classname="backend_test.TestShare" name="test_share_mismatched_grid_400" time="0.555" /><testcase classname="backend_test.TestShare" name="test_share_non_owner_forbidden" time="0.443" /><testcase classname="backend_test.TestShare" name="test_public_share_bad_token" time="0.109" /><testcase classname="backend_test.TestButterfly" name="test_butterfly_default" time="0.677" /><testcase classname="backend_test.TestButterfly" name="test_butterfly_bad_lt" time="0.102" /><testcase classname="backend_test.TestButterfly" name="test_butterfly_bad_f107" time="0.116" /><testcase classname="backend_test.TestButterfly" name="test_butterfly_bad_lon_step" time="0.104" /><testcase classname="backend_test.TestButterfly" name="test_butterfly_requires_auth" time="0.105" /><testcase classname="backend_test.TestPasswordPolicy" name="test_weak_password_no_uppercase_returns_422" time="0.110" /><testcase classname="backend_test.TestPasswordPolicy" name="test_weak_password_no_special_returns_422" time="0.108" /><testcase classname="backend_test.TestPasswordPolicy" name="test_weak_password_no_digit_returns_422" time="0.107" /><testcase classname="backend_test.TestPasswordPolicy" name="test_weak_password_too_short_returns_422" time="0.116" /><testcase classname="backend_test.TestPasswordPolicy" name="test_strong_password_registers_ok" time="0.337" /><testcase classname="backend_test.TestRememberMeCookie" name="test_login_without_remember_session_cookie" time="0.353" /><testcase classname="backend_test.TestRememberMeCookie" name="test_login_with_remember_true_persistent_cookie" time="0.370" /><testcase classname="backend_test.TestRememberMeCookie" name="test_register_sets_persistent_cookie" time="0.332" /><testcase classname="backend_test.TestRememberMeCookie" name="test_cookie_only_auth_me_works" time="0.373" /><testcase classname="backend_test.TestHealthV15" name="test_health_shape_and_status_ok" time="1.621" /></testsuite></testsuites>